app/build/intermediates/manifest_merge_blame_file/debug/manifest-merger-blame-debug-report.txt
1<?xml version="1.0" encoding="utf-8"?>
2<manifest xmlns:android="http://schemas.android.com/apk/res/android"
3    package="com.dhbw.tinf19ai.CoroniReisen"
4    android:versionCode="1"
5    android:versionName="1.0" >
6
7    <uses-sdk
8        android:minSdkVersion="16"
8-->src\main\AndroidManifest.xml
9        android:targetSdkVersion="30" />
9-->src\main\AndroidManifest.xml
10
11    <uses-permission android:name="android.permission.ACCESS_FINE_LOCATION" />
11-->src\main\AndroidManifest.xml:27:5-78
11-->src\main\AndroidManifest.xml:27:22-76
12    <uses-permission android:name="android.permission.INTERNET" />
12-->src\main\AndroidManifest.xml:28:5-67
12-->src\main\AndroidManifest.xml:28:22-64
13    <uses-permission android:name="android.permission.ACCESS_NETWORK_STATE" />
13-->src\main\AndroidManifest.xml:29:5-80
13-->src\main\AndroidManifest.xml:29:22-76
14    <uses-permission android:name="android.permission.READ_EXTERNAL_STORAGE" />
14-->src\main\AndroidManifest.xml:30:5-80
14-->src\main\AndroidManifest.xml:30:22-77
15    <uses-permission android:name="android.permission.WRITE_EXTERNAL_STORAGE" />
15-->src\main\AndroidManifest.xml:31:5-81
15-->src\main\AndroidManifest.xml:31:22-78
16    <uses-permission android:name="android.permission.ACCESS_FINE_LOCATION" />
16-->src\main\AndroidManifest.xml:27:5-78
16-->src\main\AndroidManifest.xml:27:22-76
17    <uses-permission android:name="android.permission.ACCESS_COARSE_LOCATION" />
17-->src\main\AndroidManifest.xml:33:5-81
17-->src\main\AndroidManifest.xml:33:22-78
18
19    <uses-feature
19-->[com.google.android.gms:play-services-maps:17.0.0] AndroidManifest.xml:26:5-28:35
20        android:glEsVersion="0x00020000"
20-->[com.google.android.gms:play-services-maps:17.0.0] AndroidManifest.xml:27:9-41
21        android:required="true" />
21-->[com.google.android.gms:play-services-maps:17.0.0] AndroidManifest.xml:28:9-32
22
23    <supports-screens
23-->[org.osmdroid:osmdroid-android:6.1.8] AndroidManifest.xml:11:5-14:40
24        android:anyDensity="true"
24-->[org.osmdroid:osmdroid-android:6.1.8] AndroidManifest.xml:12:9-34
25        android:largeScreens="true"
25-->[org.osmdroid:osmdroid-android:6.1.8] AndroidManifest.xml:13:9-36
26        android:normalScreens="true" />
26-->[org.osmdroid:osmdroid-android:6.1.8] AndroidManifest.xml:14:9-37
27
28    <uses-feature
28-->[org.osmdroid:osmdroid-android:6.1.8] AndroidManifest.xml:16:5-18:36
29        android:name="android.hardware.location.network"
29-->[org.osmdroid:osmdroid-android:6.1.8] AndroidManifest.xml:17:9-57
30        android:required="false" />
30-->[org.osmdroid:osmdroid-android:6.1.8] AndroidManifest.xml:18:9-33
31    <uses-feature
31-->[org.osmdroid:osmdroid-android:6.1.8] AndroidManifest.xml:19:5-21:36
32        android:name="android.hardware.location.gps"
32-->[org.osmdroid:osmdroid-android:6.1.8] AndroidManifest.xml:20:9-53
33        android:required="false" />
33-->[org.osmdroid:osmdroid-android:6.1.8] AndroidManifest.xml:21:9-33
34    <uses-feature
34-->[org.osmdroid:osmdroid-android:6.1.8] AndroidManifest.xml:22:5-24:36
35        android:name="android.hardware.telephony"
35-->[org.osmdroid:osmdroid-android:6.1.8] AndroidManifest.xml:23:9-50
36        android:required="false" />
36-->[org.osmdroid:osmdroid-android:6.1.8] AndroidManifest.xml:24:9-33
37    <uses-feature
37-->[org.osmdroid:osmdroid-android:6.1.8] AndroidManifest.xml:25:5-27:36
38        android:name="android.hardware.wifi"
38-->[org.osmdroid:osmdroid-android:6.1.8] AndroidManifest.xml:26:9-45
39        android:required="false" />
39-->[org.osmdroid:osmdroid-android:6.1.8] AndroidManifest.xml:27:9-33
40
41    <application
41-->src\main\AndroidManifest.xml:5:5-25:19
42        android:allowBackup="true"
42-->src\main\AndroidManifest.xml:6:9-35
43        android:appComponentFactory="androidx.core.app.CoreComponentFactory"
43-->[androidx.core:core:1.3.1] AndroidManifest.xml:24:18-86
44        android:debuggable="true"
45        android:icon="@mipmap/ic_launcher"
45-->src\main\AndroidManifest.xml:7:9-43
46        android:label="@string/app_name"
46-->src\main\AndroidManifest.xml:8:9-41
47        android:roundIcon="@mipmap/ic_launcher_round"
47-->src\main\AndroidManifest.xml:9:9-54
48        android:supportsRtl="true"
48-->src\main\AndroidManifest.xml:10:9-35
49        android:testOnly="true"
50        android:theme="@style/AppTheme"
50-->src\main\AndroidManifest.xml:11:9-40
51        android:usesCleartextTraffic="true" >
51-->src\main\AndroidManifest.xml:12:9-44
52        <activity android:name="com.dhbw.tinf19ai.CoroniReisen.MainActivity" >
52-->src\main\AndroidManifest.xml:13:9-18:20
52-->src\main\AndroidManifest.xml:13:19-77
53            <intent-filter>
53-->src\main\AndroidManifest.xml:14:13-17:29
54                <action android:name="android.intent.action.MAIN" />
54-->src\main\AndroidManifest.xml:15:17-69
54-->src\main\AndroidManifest.xml:15:25-66
55
56                <category android:name="android.intent.category.LAUNCHER" />
56-->src\main\AndroidManifest.xml:16:17-77
56-->src\main\AndroidManifest.xml:16:27-74
57            </intent-filter>
58        </activity>
59        <activity android:name="com.dhbw.tinf19ai.CoroniReisen.Navigator" >
59-->src\main\AndroidManifest.xml:19:9-20:20
59-->src\main\AndroidManifest.xml:19:19-74
60        </activity>
61        <activity android:name="com.dhbw.tinf19ai.CoroniReisen.MapFragment" />
61-->src\main\AndroidManifest.xml:21:9-22:54
61-->src\main\AndroidManifest.xml:21:19-76
62        <activity android:name="com.dhbw.tinf19ai.CoroniReisen.CountryDetails" />
62-->src\main\AndroidManifest.xml:23:9-61
62-->src\main\AndroidManifest.xml:23:19-49
63        <activity android:name="com.dhbw.tinf19ai.CoroniReisen.DestinationsList" />
63-->src\main\AndroidManifest.xml:24:9-63
63-->src\main\AndroidManifest.xml:24:19-51
64        <!-- Needs to be explicitly declared on P+ -->
65        <uses-library
65-->[com.google.android.gms:play-services-maps:17.0.0] AndroidManifest.xml:33:9-35:40
66            android:name="org.apache.http.legacy"
66-->[com.google.android.gms:play-services-maps:17.0.0] AndroidManifest.xml:34:13-50
67            android:required="false" />
67-->[com.google.android.gms:play-services-maps:17.0.0] AndroidManifest.xml:35:13-37
68
69        <activity
69-->[com.google.android.gms:play-services-base:17.3.0] AndroidManifest.xml:23:9-26:75
70            android:name="com.google.android.gms.common.api.GoogleApiActivity"
70-->[com.google.android.gms:play-services-base:17.3.0] AndroidManifest.xml:24:13-79
71            android:exported="false"
71-->[com.google.android.gms:play-services-base:17.3.0] AndroidManifest.xml:25:13-37
72            android:theme="@android:style/Theme.Translucent.NoTitleBar" />
72-->[com.google.android.gms:play-services-base:17.3.0] AndroidManifest.xml:26:13-72
73
74        <meta-data
74-->[com.google.android.gms:play-services-basement:17.3.0] AndroidManifest.xml:23:9-25:69
75            android:name="com.google.android.gms.version"
75-->[com.google.android.gms:play-services-basement:17.3.0] AndroidManifest.xml:24:13-58
76            android:value="@integer/google_play_services_version" />
76-->[com.google.android.gms:play-services-basement:17.3.0] AndroidManifest.xml:25:13-66
77    </application>
78
79</manifest>